INFO - 2024-06-10 11:11:03 --> Session: Class initialized using 'CodeIgniter\Session\Handlers\FileHandler' driver.
INFO - 2024-06-10 11:32:27 --> Session: Class initialized using 'CodeIgniter\Session\Handlers\FileHandler' driver.
INFO - 2024-06-10 11:33:33 --> Session: Class initialized using 'CodeIgniter\Session\Handlers\FileHandler' driver.
INFO - 2024-06-10 11:33:33 --> Session: Class initialized using 'CodeIgniter\Session\Handlers\FileHandler' driver.
INFO - 2024-06-10 11:33:44 --> Session: Class initialized using 'CodeIgniter\Session\Handlers\FileHandler' driver.
INFO - 2024-06-10 11:33:44 --> Session: Class initialized using 'CodeIgniter\Session\Handlers\FileHandler' driver.
INFO - 2024-06-10 11:33:50 --> Session: Class initialized using 'CodeIgniter\Session\Handlers\FileHandler' driver.
INFO - 2024-06-10 11:33:59 --> Session: Class initialized using 'CodeIgniter\Session\Handlers\FileHandler' driver.
INFO - 2024-06-10 11:34:00 --> Session: Class initialized using 'CodeIgniter\Session\Handlers\FileHandler' driver.
INFO - 2024-06-10 11:34:01 --> Session: Class initialized using 'CodeIgniter\Session\Handlers\FileHandler' driver.
INFO - 2024-06-10 12:12:19 --> Session: Class initialized using 'CodeIgniter\Session\Handlers\FileHandler' driver.
INFO - 2024-06-10 12:18:00 --> Session: Class initialized using 'CodeIgniter\Session\Handlers\FileHandler' driver.
INFO - 2024-06-10 12:18:04 --> Session: Class initialized using 'CodeIgniter\Session\Handlers\FileHandler' driver.
INFO - 2024-06-10 12:18:05 --> Session: Class initialized using 'CodeIgniter\Session\Handlers\FileHandler' driver.
CRITICAL - 2024-06-10 14:33:23 --> ErrorException: Undefined variable $lokasi
in APPPATH\Views\dashboard.php on line 65.
 1 APPPATH\Views\dashboard.php(65): CodeIgniter\Debug\Exceptions->errorHandler(2, 'Undefined variable $lokasi', 'C:\\xampp\\htdocs\\WebSIG\\app\\Views\\dashboard.php', 65)
 2 SYSTEMPATH\View\View.php(228): include('C:\\xampp\\htdocs\\WebSIG\\app\\Views\\dashboard.php')
 3 SYSTEMPATH\View\View.php(231): CodeIgniter\View\View->CodeIgniter\View\{closure}()
 4 SYSTEMPATH\Common.php(1178): CodeIgniter\View\View->render('dashboard', [], true)
 5 APPPATH\Controllers\Dashboard.php(36): view('dashboard', [...])
 6 SYSTEMPATH\CodeIgniter.php(941): App\Controllers\Dashboard->index()
 7 SYSTEMPATH\CodeIgniter.php(502): CodeIgniter\CodeIgniter->runController(Object(App\Controllers\Dashboard))
 8 SYSTEMPATH\CodeIgniter.php(361): CodeIgniter\CodeIgniter->handleRequest(null, Object(Config\Cache), false)
 9 FCPATH\index.php(79): CodeIgniter\CodeIgniter->run()
CRITICAL - 2024-06-10 14:33:48 --> ErrorException: Undefined variable $Lokasi
in APPPATH\Views\dashboard.php on line 65.
 1 APPPATH\Views\dashboard.php(65): CodeIgniter\Debug\Exceptions->errorHandler(2, 'Undefined variable $Lokasi', 'C:\\xampp\\htdocs\\WebSIG\\app\\Views\\dashboard.php', 65)
 2 SYSTEMPATH\View\View.php(228): include('C:\\xampp\\htdocs\\WebSIG\\app\\Views\\dashboard.php')
 3 SYSTEMPATH\View\View.php(231): CodeIgniter\View\View->CodeIgniter\View\{closure}()
 4 SYSTEMPATH\Common.php(1178): CodeIgniter\View\View->render('dashboard', [], true)
 5 APPPATH\Controllers\Dashboard.php(36): view('dashboard', [...])
 6 SYSTEMPATH\CodeIgniter.php(941): App\Controllers\Dashboard->index()
 7 SYSTEMPATH\CodeIgniter.php(502): CodeIgniter\CodeIgniter->runController(Object(App\Controllers\Dashboard))
 8 SYSTEMPATH\CodeIgniter.php(361): CodeIgniter\CodeIgniter->handleRequest(null, Object(Config\Cache), false)
 9 FCPATH\index.php(79): CodeIgniter\CodeIgniter->run()
CRITICAL - 2024-06-10 14:34:21 --> ArgumentCountError: json_encode() expects at least 1 argument, 0 given
in APPPATH\Views\dashboard.php on line 65.
 1 APPPATH\Views\dashboard.php(65): json_encode()
 2 SYSTEMPATH\View\View.php(228): include('C:\\xampp\\htdocs\\WebSIG\\app\\Views\\dashboard.php')
 3 SYSTEMPATH\View\View.php(231): CodeIgniter\View\View->CodeIgniter\View\{closure}()
 4 SYSTEMPATH\Common.php(1178): CodeIgniter\View\View->render('dashboard', [], true)
 5 APPPATH\Controllers\Dashboard.php(36): view('dashboard', [...])
 6 SYSTEMPATH\CodeIgniter.php(941): App\Controllers\Dashboard->index()
 7 SYSTEMPATH\CodeIgniter.php(502): CodeIgniter\CodeIgniter->runController(Object(App\Controllers\Dashboard))
 8 SYSTEMPATH\CodeIgniter.php(361): CodeIgniter\CodeIgniter->handleRequest(null, Object(Config\Cache), false)
 9 FCPATH\index.php(79): CodeIgniter\CodeIgniter->run()
CRITICAL - 2024-06-10 14:36:04 --> ParseError: syntax error, unexpected variable "$marker", expecting ")"
in APPPATH\Views\dashboard.php on line 65.
 1 SYSTEMPATH\View\View.php(231): CodeIgniter\View\View->CodeIgniter\View\{closure}()
 2 SYSTEMPATH\Common.php(1178): CodeIgniter\View\View->render('dashboard', [], true)
 3 APPPATH\Controllers\Dashboard.php(36): view('dashboard', [...])
 4 SYSTEMPATH\CodeIgniter.php(941): App\Controllers\Dashboard->index()
 5 SYSTEMPATH\CodeIgniter.php(502): CodeIgniter\CodeIgniter->runController(Object(App\Controllers\Dashboard))
 6 SYSTEMPATH\CodeIgniter.php(361): CodeIgniter\CodeIgniter->handleRequest(null, Object(Config\Cache), false)
 7 FCPATH\index.php(79): CodeIgniter\CodeIgniter->run()
CRITICAL - 2024-06-10 14:37:07 --> ErrorException: Undefined variable $mark
in APPPATH\Views\dashboard.php on line 65.
 1 APPPATH\Views\dashboard.php(65): CodeIgniter\Debug\Exceptions->errorHandler(2, 'Undefined variable $mark', 'C:\\xampp\\htdocs\\WebSIG\\app\\Views\\dashboard.php', 65)
 2 SYSTEMPATH\View\View.php(228): include('C:\\xampp\\htdocs\\WebSIG\\app\\Views\\dashboard.php')
 3 SYSTEMPATH\View\View.php(231): CodeIgniter\View\View->CodeIgniter\View\{closure}()
 4 SYSTEMPATH\Common.php(1178): CodeIgniter\View\View->render('dashboard', [], true)
 5 APPPATH\Controllers\Dashboard.php(36): view('dashboard', [...])
 6 SYSTEMPATH\CodeIgniter.php(941): App\Controllers\Dashboard->index()
 7 SYSTEMPATH\CodeIgniter.php(502): CodeIgniter\CodeIgniter->runController(Object(App\Controllers\Dashboard))
 8 SYSTEMPATH\CodeIgniter.php(361): CodeIgniter\CodeIgniter->handleRequest(null, Object(Config\Cache), false)
 9 FCPATH\index.php(79): CodeIgniter\CodeIgniter->run()
INFO - 2024-06-10 15:02:04 --> Session: Class initialized using 'CodeIgniter\Session\Handlers\FileHandler' driver.
INFO - 2024-06-10 15:02:05 --> Session: Class initialized using 'CodeIgniter\Session\Handlers\FileHandler' driver.
INFO - 2024-06-10 15:02:30 --> Session: Class initialized using 'CodeIgniter\Session\Handlers\FileHandler' driver.
INFO - 2024-06-10 15:02:33 --> Session: Class initialized using 'CodeIgniter\Session\Handlers\FileHandler' driver.
INFO - 2024-06-10 15:02:41 --> Session: Class initialized using 'CodeIgniter\Session\Handlers\FileHandler' driver.
